app/build/intermediates/manifest_merge_blame_file/commonDebug/manifest-merger-blame-common-debug-report.txt
1<?xml version="1.0" encoding="utf-8"?>
2<!-- BEGIN_INCLUDE(manifest) -->
3<manifest xmlns:android="http://schemas.android.com/apk/res/android"
4    package="com.ximmerse.xedgelink"
5    android:versionCode="24"
6    android:versionName="0.1" >
7
8    <uses-sdk
9        android:minSdkVersion="26"
9-->src\main\AndroidManifest.xml
10        android:targetSdkVersion="30" />
10-->src\main\AndroidManifest.xml
11    <!-- This is the platform API where NativeActivity was introduced. -->
12    <uses-permission android:name="android.permission.ACCESS_NETWORK_STATE" />
12-->src\main\AndroidManifest.xml:8:5-79
12-->src\main\AndroidManifest.xml:8:22-76
13    <uses-permission android:name="android.permission.ACCESS_WIFI_STATE" />
13-->src\main\AndroidManifest.xml:9:5-76
13-->src\main\AndroidManifest.xml:9:22-73
14    <uses-permission android:name="android.permission.WRITE_EXTERNAL_STORAGE" />
14-->src\main\AndroidManifest.xml:10:5-81
14-->src\main\AndroidManifest.xml:10:22-78
15    <uses-permission android:name="android.permission.INTERNET" />
15-->src\main\AndroidManifest.xml:11:5-67
15-->src\main\AndroidManifest.xml:11:22-64
16    <uses-permission android:name="android.permission.ACCESS_NETWORK_STATE" />
16-->src\main\AndroidManifest.xml:8:5-79
16-->src\main\AndroidManifest.xml:8:22-76
17    <uses-permission android:name="android.permission.WAKE_LOCK" />
17-->src\main\AndroidManifest.xml:13:5-68
17-->src\main\AndroidManifest.xml:13:22-65
18    <uses-permission android:name="android.permission.RECORD_AUDIO" />
18-->src\main\AndroidManifest.xml:14:5-71
18-->src\main\AndroidManifest.xml:14:22-68
19
20    <uses-feature
20-->src\main\AndroidManifest.xml:15:5-17:36
21        android:name="android.hardware.microphone"
21-->src\main\AndroidManifest.xml:16:9-51
22        android:required="false" />
22-->src\main\AndroidManifest.xml:17:9-33
23    <uses-feature
23-->src\main\AndroidManifest.xml:18:5-20:35
24        android:glEsVersion="0x00030001"
24-->src\main\AndroidManifest.xml:19:9-41
25        android:required="true" />
25-->src\main\AndroidManifest.xml:20:9-32
26    <uses-feature
26-->src\main\AndroidManifest.xml:21:5-23:36
27        android:name="android.hardware.vr.headtracking"
27-->src\main\AndroidManifest.xml:22:9-56
28        android:required="false" />
28-->src\main\AndroidManifest.xml:23:9-33
29    <!-- This .apk has no Java code itself, so set hasCode to false. -->
30    <application
30-->src\main\AndroidManifest.xml:26:5-55:19
31        android:appCategory="game"
31-->src\main\AndroidManifest.xml:27:9-35
32        android:debuggable="true"
33        android:extractNativeLibs="true"
33-->src\main\AndroidManifest.xml:28:9-41
34        android:hasCode="true"
34-->src\main\AndroidManifest.xml:29:9-31
35        android:icon="@mipmap/ic_launcher_cxr_foreground"
35-->src\main\AndroidManifest.xml:30:9-58
36        android:label="@string/app_name"
36-->src\main\AndroidManifest.xml:31:9-41
37        android:requestLegacyExternalStorage="true" >
37-->src\main\AndroidManifest.xml:32:9-52
38
39        <!--
40             Our activity is the built-in NativeActivity framework class.
41                 This will take care of integrating with our NDK code.
42        -->
43
44        <activity
44-->src\main\AndroidManifest.xml:37:9-54:20
45            android:name="com.ximmerse.xedgelink.SvrNativeActivity"
45-->src\main\AndroidManifest.xml:38:13-68
46            android:configChanges="screenSize|screenLayout|orientation|keyboardHidden|keyboard|navigation|uiMode"
46-->src\main\AndroidManifest.xml:39:13-114
47            android:label="@string/app_name"
47-->src\main\AndroidManifest.xml:40:13-45
48            android:launchMode="singleTask"
48-->src\main\AndroidManifest.xml:42:13-44
49            android:screenOrientation="landscape"
49-->src\main\AndroidManifest.xml:41:13-50
50            android:theme="@android:style/Theme.Black.NoTitleBar.Fullscreen" >
50-->src\main\AndroidManifest.xml:43:13-77
51
52            <!-- Tell NativeActivity the name of or .so -->
53            <meta-data
53-->src\main\AndroidManifest.xml:45:13-47:41
54                android:name="android.app.lib_name"
54-->src\main\AndroidManifest.xml:46:17-52
55                android:value="layer" />
55-->src\main\AndroidManifest.xml:47:17-38
56
57            <intent-filter>
57-->src\main\AndroidManifest.xml:48:13-53:29
58                <action android:name="android.intent.action.MAIN" />
58-->src\main\AndroidManifest.xml:49:17-69
58-->src\main\AndroidManifest.xml:49:25-66
59
60                <category android:name="android.intent.category.LAUNCHER" />
60-->src\main\AndroidManifest.xml:50:17-77
60-->src\main\AndroidManifest.xml:50:27-74
61                <category android:name="com.qti.intent.category.SNAPDRAGON_VR" />
61-->src\main\AndroidManifest.xml:51:17-82
61-->src\main\AndroidManifest.xml:51:27-79
62                <category android:name="com.ximmerse.category.WONDERLAND_AR" />
62-->src\main\AndroidManifest.xml:52:17-80
62-->src\main\AndroidManifest.xml:52:27-77
63            </intent-filter>
64        </activity>
65    </application>
66
67</manifest> <!-- END_INCLUDE(manifest) -->